<?xml version="1.0" encoding="UTF-8"?>
<testng-results skipped="0" failed="0" ignored="0" total="1" passed="1">
  <reporter-output>
  </reporter-output>
  <suite name="Default suite" duration-ms="9729" started-at="2017-11-03T03:58:21Z" finished-at="2017-11-03T03:58:31Z">
    <groups>
    </groups>
    <test name="Default test" duration-ms="9729" started-at="2017-11-03T03:58:21Z" finished-at="2017-11-03T03:58:31Z">
      <class name="SamplePackage.SampleTest">
        <test-method status="PASS" signature="setUp()[pri:0, instance:SamplePackage.SampleTest@2a2d45ba]" name="setUp" is-config="true" duration-ms="6540" started-at="2017-11-03T14:58:21Z" finished-at="2017-11-03T14:58:28Z">
          <reporter-output>
          </reporter-output>
        </test-method> <!-- setUp -->
        <test-method status="PASS" signature="TripTest()[pri:0, instance:SamplePackage.SampleTest@2a2d45ba]" name="TripTest" duration-ms="2499" started-at="2017-11-03T14:58:28Z" finished-at="2017-11-03T14:58:30Z">
          <reporter-output>
          </reporter-output>
        </test-method> <!-- TripTest -->
        <test-method status="PASS" signature="tearDown()[pri:0, instance:SamplePackage.SampleTest@2a2d45ba]" name="tearDown" is-config="true" duration-ms="663" started-at="2017-11-03T14:58:30Z" finished-at="2017-11-03T14:58:31Z">
          <reporter-output>
          </reporter-output>
        </test-method> <!-- tearDown -->
      </class> <!-- SamplePackage.SampleTest -->
    </test> <!-- Default test -->
  </suite> <!-- Default suite -->
</testng-results>
